<?xml version="1.0" encoding="UTF-8"?>
<!-- Generated by org.testng.reporters.JUnitReportReporter -->
<testsuite hostname="LAPTOP-HGN8R5DF" failures="0" tests="5" name="com.banking.testcases.TC003" time="0.017" errors="0" timestamp="2023-10-03T00:02:39 IST" skipped="0">
  <testcase classname="com.banking.testcases.TC003" name="gandu" time="0.001"/>
  <testcase classname="com.banking.testcases.TC003" name="gandu" time="0.009"/>
  <testcase classname="com.banking.testcases.TC003" name="gandu" time="0.002"/>
  <testcase classname="com.banking.testcases.TC003" name="gandu" time="0.002"/>
  <testcase classname="com.banking.testcases.TC003" name="gandu" time="0.003"/>
</testsuite> <!-- com.banking.testcases.TC003 -->
